<?xml version="1.0" encoding="UTF-8"?>
<!-- Generated by org.testng.reporters.JUnitXMLReporter -->
<testsuite ignored="0" hostname="LAPTOP-62HA4Q3I" failures="0" tests="7" name="Account Test" time="24.092" errors="0" timestamp="2024-01-07T08:14:43 IST">
  <testcase classname="com.qa.magneto.test.AccountTest" name="getPageTitle" time="0.172"/>
  <testcase classname="com.qa.magneto.test.AccountTest" name="headerDropDownTest" time="0.217"/>
  <testcase classname="com.qa.magneto.test.AccountTest" name="accountPageLinksTest" time="0.146"/>
  <testcase classname="com.qa.magneto.test.AccountTest" name="multiProdSearchTest" time="2.652"/>
  <testcase classname="com.qa.magneto.test.AccountTest" name="multiProdSearchTest" time="1.96"/>
  <testcase classname="com.qa.magneto.test.AccountTest" name="searchProdTest" time="1.725"/>
  <testcase classname="com.qa.magneto.test.AccountTest" name="selectProductTest" time="4.061"/>
</testsuite> <!-- Account Test -->
