<?xml version="1.0" encoding="UTF-8"?>
<!-- Generated by org.testng.reporters.JUnitXMLReporter -->
<testsuite ignored="0" hostname="LAPTOP-62HA4Q3I" failures="0" tests="4" name="Login Page Test" time="18.31" errors="0" timestamp="2024-01-07T17:25:11 IST">
  <testcase classname="com.qa.magneto.test.LoginPageTest" name="loginPageTitleTest" time="0.037"/>
  <testcase classname="com.qa.magneto.test.LoginPageTest" name="headerTitleTest" time="0.07"/>
  <testcase classname="com.qa.magneto.test.LoginPageTest" name="createAccountBtnTest" time="0.083"/>
  <testcase classname="com.qa.magneto.test.LoginPageTest" name="doLoginTest" time="3.958"/>
</testsuite> <!-- Login Page Test -->
