<?xml version="1.0" encoding="UTF-8"?>
<!-- Generated by org.testng.reporters.JUnitXMLReporter -->
<testsuite ignored="0" hostname="LAPTOP-62HA4Q3I" failures="0" tests="7" name="Default test" time="24.855" errors="0" timestamp="12 Dec 2023 05:46:02 GMT">
  <testcase classname="com.qa.magneto.test.AccountTest" name="getPageTitle" time="0.027"/>
  <testcase classname="com.qa.magneto.test.AccountTest" name="headerDropDownTest" time="0.209"/>
  <testcase classname="com.qa.magneto.test.AccountTest" name="accountPageLinksTest" time="0.105"/>
  <testcase classname="com.qa.magneto.test.AccountTest" name="multiProdSearchTest" time="2.595"/>
  <testcase classname="com.qa.magneto.test.AccountTest" name="multiProdSearchTest" time="2.367"/>
  <testcase classname="com.qa.magneto.test.AccountTest" name="searchProdTest" time="1.476"/>
  <testcase classname="com.qa.magneto.test.AccountTest" name="selectProductTest" time="4.291"/>
</testsuite> <!-- Default test -->
