<?xml version="1.0" encoding="UTF-8"?>
<!-- Generated by org.testng.reporters.JUnitXMLReporter -->
<testsuite ignored="4" hostname="LAPTOP-62HA4Q3I" failures="0" tests="4" name="Test" time="11.514" errors="0" timestamp="19 Dec 2023 07:13:18 GMT">
  <testcase classname="com.qa.magneto.test.ProdInfoPageTest" name="@BeforeClass prodPagePreConditions" time="0.001">
    <failure type="java.lang.NullPointerException" message="Cannot invoke &amp;quot;java.util.Properties.getProperty(String)&amp;quot; because &amp;quot;this.prop&amp;quot; is null">
      <![CDATA[java.lang.NullPointerException: Cannot invoke "java.util.Properties.getProperty(String)" because "this.prop" is null
at com.qa.magneto.test.ProdInfoPageTest.prodPagePreConditions(ProdInfoPageTest.java:16)
... Removed 24 stack frames]]>
    </failure>
  </testcase> <!-- @BeforeClass prodPagePreConditions -->
  <testcase classname="com.qa.magneto.test.ProdInfoPageTest" name="addToCartTest" time="0.0">
    <skipped/>
  </testcase> <!-- addToCartTest -->
  <testcase classname="com.qa.magneto.test.ProdInfoPageTest" name="headerNameTest" time="0.0">
    <skipped/>
  </testcase> <!-- headerNameTest -->
  <testcase classname="com.qa.magneto.test.ProdInfoPageTest" name="productDataTest" time="0.0">
    <skipped/>
  </testcase> <!-- productDataTest -->
  <testcase classname="com.qa.magneto.test.ProdInfoPageTest" name="selectProdSizeTest" time="0.0">
    <skipped/>
  </testcase> <!-- selectProdSizeTest -->
  <testcase classname="com.qa.magneto.test.BaseTest" name="@AfterTest teardown" time="0.0">
    <ignored/>
  </testcase> <!-- @AfterTest teardown -->
  <testcase classname="com.qa.magneto.test.BaseTest" name="@AfterTest teardown" time="0.0">
    <ignored/>
  </testcase> <!-- @AfterTest teardown -->
  <testcase classname="com.qa.magneto.test.BaseTest" name="@BeforeTest setup" time="0.0">
    <ignored/>
  </testcase> <!-- @BeforeTest setup -->
  <testcase classname="com.qa.magneto.test.BaseTest" name="@BeforeTest setup" time="0.0">
    <ignored/>
  </testcase> <!-- @BeforeTest setup -->
</testsuite> <!-- Test -->
