<?xml version="1.0" encoding="UTF-8"?>
<testng-results ignored="0" total="18" passed="17" failed="1" skipped="0">
  <reporter-output>
  </reporter-output>
  <suite started-at="2024-01-07T08:14:19 IST" name="Dressing Ecommerse Regression suite" finished-at="2024-01-07T08:14:57 IST" duration-ms="37207">
    <groups>
    </groups>
    <test started-at="2024-01-07T08:14:19 IST" name="Login Page Test" finished-at="2024-01-07T08:14:36 IST" duration-ms="16656">
      <class name="com.qa.magneto.test.LoginPageTest">
        <test-method is-config="true" signature="setup()[pri:0, instance:com.qa.magneto.test.LoginPageTest@702657cc]" started-at="2024-01-07T08:14:19 IST" name="setup" finished-at="2024-01-07T08:14:32 IST" duration-ms="12845" status="PASS">
          <reporter-output>
          </reporter-output>
        </test-method> <!-- setup -->
        <test-method signature="loginPageTitleTest()[pri:1, instance:com.qa.magneto.test.LoginPageTest@702657cc]" started-at="2024-01-07T08:14:32 IST" name="loginPageTitleTest" finished-at="2024-01-07T08:14:32 IST" duration-ms="35" status="PASS">
          <reporter-output>
          </reporter-output>
        </test-method> <!-- loginPageTitleTest -->
        <test-method signature="headerTitleTest()[pri:2, instance:com.qa.magneto.test.LoginPageTest@702657cc]" started-at="2024-01-07T08:14:32 IST" name="headerTitleTest" finished-at="2024-01-07T08:14:32 IST" duration-ms="65" status="PASS">
          <reporter-output>
          </reporter-output>
        </test-method> <!-- headerTitleTest -->
        <test-method signature="createAccountBtnTest()[pri:3, instance:com.qa.magneto.test.LoginPageTest@702657cc]" started-at="2024-01-07T08:14:32 IST" name="createAccountBtnTest" finished-at="2024-01-07T08:14:32 IST" duration-ms="48" status="PASS">
          <reporter-output>
          </reporter-output>
        </test-method> <!-- createAccountBtnTest -->
        <test-method signature="doLoginTest()[pri:4, instance:com.qa.magneto.test.LoginPageTest@702657cc]" started-at="2024-01-07T08:14:32 IST" name="doLoginTest" finished-at="2024-01-07T08:14:36 IST" duration-ms="3602" status="PASS">
          <reporter-output>
          </reporter-output>
        </test-method> <!-- doLoginTest -->
        <test-method is-config="true" signature="teardown()[pri:0, instance:com.qa.magneto.test.LoginPageTest@702657cc]" started-at="2024-01-07T08:14:36 IST" name="teardown" finished-at="2024-01-07T08:14:36 IST" duration-ms="0" status="PASS">
          <reporter-output>
          </reporter-output>
        </test-method> <!-- teardown -->
      </class> <!-- com.qa.magneto.test.LoginPageTest -->
    </test> <!-- Login Page Test -->
    <test started-at="2024-01-07T08:14:19 IST" name="Account Test" finished-at="2024-01-07T08:14:43 IST" duration-ms="24092">
      <class name="com.qa.magneto.test.AccountTest">
        <test-method is-config="true" signature="setup()[pri:0, instance:com.qa.magneto.test.AccountTest@7c9d8e2]" started-at="2024-01-07T08:14:19 IST" name="setup" finished-at="2024-01-07T08:14:30 IST" duration-ms="10491" status="PASS">
          <reporter-output>
          </reporter-output>
        </test-method> <!-- setup -->
        <test-method is-config="true" signature="accPagePreConditions()[pri:0, instance:com.qa.magneto.test.AccountTest@7c9d8e2]" started-at="2024-01-07T08:14:30 IST" name="accPagePreConditions" finished-at="2024-01-07T08:14:32 IST" duration-ms="2605" status="PASS">
          <reporter-output>
          </reporter-output>
        </test-method> <!-- accPagePreConditions -->
        <test-method signature="getPageTitle()[pri:1, instance:com.qa.magneto.test.AccountTest@7c9d8e2]" started-at="2024-01-07T08:14:32 IST" name="getPageTitle" finished-at="2024-01-07T08:14:33 IST" duration-ms="172" status="PASS">
          <reporter-output>
          </reporter-output>
        </test-method> <!-- getPageTitle -->
        <test-method signature="headerDropDownTest()[pri:2, instance:com.qa.magneto.test.AccountTest@7c9d8e2]" started-at="2024-01-07T08:14:33 IST" name="headerDropDownTest" finished-at="2024-01-07T08:14:33 IST" duration-ms="217" status="PASS">
          <reporter-output>
          </reporter-output>
        </test-method> <!-- headerDropDownTest -->
        <test-method signature="accountPageLinksTest()[pri:3, instance:com.qa.magneto.test.AccountTest@7c9d8e2]" started-at="2024-01-07T08:14:33 IST" name="accountPageLinksTest" finished-at="2024-01-07T08:14:33 IST" duration-ms="146" status="PASS">
          <reporter-output>
          </reporter-output>
        </test-method> <!-- accountPageLinksTest -->
        <test-method signature="multiProdSearchTest(java.lang.String)[pri:4, instance:com.qa.magneto.test.AccountTest@7c9d8e2]" started-at="2024-01-07T08:14:33 IST" name="multiProdSearchTest" data-provider="multiProdSearch" finished-at="2024-01-07T08:14:36 IST" duration-ms="2652" status="PASS">
          <params>
            <param index="0">
              <value>
                <![CDATA[men t-shirt]]>
              </value>
            </param>
          </params>
          <reporter-output>
          </reporter-output>
        </test-method> <!-- multiProdSearchTest -->
        <test-method signature="multiProdSearchTest(java.lang.String)[pri:4, instance:com.qa.magneto.test.AccountTest@7c9d8e2]" started-at="2024-01-07T08:14:36 IST" name="multiProdSearchTest" data-provider="multiProdSearch" finished-at="2024-01-07T08:14:38 IST" duration-ms="1960" status="PASS">
          <params>
            <param index="0">
              <value>
                <![CDATA[lady t-shirt]]>
              </value>
            </param>
          </params>
          <reporter-output>
          </reporter-output>
        </test-method> <!-- multiProdSearchTest -->
        <test-method signature="searchProdTest(java.lang.String)[pri:5, instance:com.qa.magneto.test.AccountTest@7c9d8e2]" started-at="2024-01-07T08:14:38 IST" name="searchProdTest" data-provider="productSearch" finished-at="2024-01-07T08:14:39 IST" duration-ms="1725" status="PASS">
          <params>
            <param index="0">
              <value>
                <![CDATA[yoga]]>
              </value>
            </param>
          </params>
          <reporter-output>
          </reporter-output>
        </test-method> <!-- searchProdTest -->
        <test-method signature="selectProductTest(java.lang.String,java.lang.String)[pri:6, instance:com.qa.magneto.test.AccountTest@7c9d8e2]" started-at="2024-01-07T08:14:39 IST" name="selectProductTest" data-provider="productSelect" finished-at="2024-01-07T08:14:43 IST" duration-ms="4061" status="PASS">
          <params>
            <param index="0">
              <value>
                <![CDATA[yoga]]>
              </value>
            </param>
            <param index="1">
              <value>
                <![CDATA[Selene Yoga Hoodie]]>
              </value>
            </param>
          </params>
          <reporter-output>
          </reporter-output>
        </test-method> <!-- selectProductTest -->
        <test-method is-config="true" signature="teardown()[pri:0, instance:com.qa.magneto.test.AccountTest@7c9d8e2]" started-at="2024-01-07T08:14:43 IST" name="teardown" finished-at="2024-01-07T08:14:43 IST" duration-ms="1" status="PASS">
          <reporter-output>
          </reporter-output>
        </test-method> <!-- teardown -->
      </class> <!-- com.qa.magneto.test.AccountTest -->
    </test> <!-- Account Test -->
    <test started-at="2024-01-07T08:14:19 IST" name="Prod Info Page Test" finished-at="2024-01-07T08:14:57 IST" duration-ms="37207">
      <class name="com.qa.magneto.test.ProdInfoPageTest">
        <test-method is-config="true" signature="setup()[pri:0, instance:com.qa.magneto.test.ProdInfoPageTest@279fedbd]" started-at="2024-01-07T08:14:19 IST" name="setup" finished-at="2024-01-07T08:14:28 IST" duration-ms="8743" status="PASS">
          <reporter-output>
          </reporter-output>
        </test-method> <!-- setup -->
        <test-method is-config="true" signature="prodPagePreConditions()[pri:0, instance:com.qa.magneto.test.ProdInfoPageTest@279fedbd]" started-at="2024-01-07T08:14:28 IST" name="prodPagePreConditions" finished-at="2024-01-07T08:14:36 IST" duration-ms="7789" status="PASS">
          <reporter-output>
          </reporter-output>
        </test-method> <!-- prodPagePreConditions -->
        <test-method signature="headerNameTest()[pri:1, instance:com.qa.magneto.test.ProdInfoPageTest@279fedbd]" started-at="2024-01-07T08:14:36 IST" name="headerNameTest" finished-at="2024-01-07T08:14:36 IST" duration-ms="60" status="PASS">
          <reporter-output>
          </reporter-output>
        </test-method> <!-- headerNameTest -->
        <test-method signature="productDataTest()[pri:2, instance:com.qa.magneto.test.ProdInfoPageTest@279fedbd]" started-at="2024-01-07T08:14:36 IST" name="productDataTest" finished-at="2024-01-07T08:14:36 IST" duration-ms="456" status="PASS">
          <reporter-output>
          </reporter-output>
        </test-method> <!-- productDataTest -->
        <test-method signature="selectProdSizeTest()[pri:3, instance:com.qa.magneto.test.ProdInfoPageTest@279fedbd]" started-at="2024-01-07T08:14:36 IST" name="selectProdSizeTest" finished-at="2024-01-07T08:14:37 IST" duration-ms="317" status="PASS">
          <reporter-output>
          </reporter-output>
        </test-method> <!-- selectProdSizeTest -->
        <test-method signature="addToCartTest()[pri:4, instance:com.qa.magneto.test.ProdInfoPageTest@279fedbd]" started-at="2024-01-07T08:14:37 IST" name="addToCartTest" finished-at="2024-01-07T08:14:42 IST" duration-ms="5257" status="PASS">
          <reporter-output>
          </reporter-output>
        </test-method> <!-- addToCartTest -->
        <test-method signature="proceedTOCartTest()[pri:5, instance:com.qa.magneto.test.ProdInfoPageTest@279fedbd]" started-at="2024-01-07T08:14:42 IST" name="proceedTOCartTest" finished-at="2024-01-07T08:14:43 IST" duration-ms="1502" status="PASS">
          <reporter-output>
          </reporter-output>
        </test-method> <!-- proceedTOCartTest -->
        <test-method signature="getShippingPageHeaderTest()[pri:6, instance:com.qa.magneto.test.ProdInfoPageTest@279fedbd]" started-at="2024-01-07T08:14:43 IST" name="getShippingPageHeaderTest" finished-at="2024-01-07T08:14:46 IST" duration-ms="2780" status="PASS">
          <reporter-output>
          </reporter-output>
        </test-method> <!-- getShippingPageHeaderTest -->
        <test-method signature="shippingPersonDetailsTest()[pri:7, instance:com.qa.magneto.test.ProdInfoPageTest@279fedbd]" started-at="2024-01-07T08:14:46 IST" name="shippingPersonDetailsTest" finished-at="2024-01-07T08:14:57 IST" duration-ms="10248" status="FAIL">
          <exception class="org.openqa.selenium.TimeoutException">
            <message>
              <![CDATA[Expected condition failed: waiting for visibility of element located by By.xpath: //input[@class='input-text' and @id='C7CEDBK'] (tried for 10 second(s) with 500 milliseconds interval)
Build info: version: '4.10.0', revision: 'c14d967899'
System info: os.name: 'Windows 11', os.arch: 'amd64', os.version: '10.0', java.version: '21.0.1'
Driver info: org.openqa.selenium.chrome.ChromeDriver
Capabilities {acceptInsecureCerts: false, browserName: chrome, browserVersion: 120.0.6099.200, chrome: {chromedriverVersion: 120.0.6099.109 (3419140ab66..., userDataDir: C:\Users\akhil\AppData\Loca...}, fedcm:accounts: true, goog:chromeOptions: {debuggerAddress: localhost:52264}, networkConnectionEnabled: false, pageLoadStrategy: normal, platformName: windows, proxy: Proxy(), se:cdp: ws://localhost:52264/devtoo..., se:cdpVersion: 120.0.6099.200, setWindowRect: true, strictFileInteractability: false, timeouts: {implicit: 0, pageLoad: 300000, script: 30000}, unhandledPromptBehavior: dismiss and notify, webauthn:extension:credBlob: true, webauthn:extension:largeBlob: true, webauthn:extension:minPinLength: true, webauthn:extension:prf: true, webauthn:virtualAuthenticators: true}
Session ID: fe03768913433e61efd7d22293442723]]>
            </message>
            <full-stacktrace>
              <![CDATA[org.openqa.selenium.TimeoutException: Expected condition failed: waiting for visibility of element located by By.xpath: //input[@class='input-text' and @id='C7CEDBK'] (tried for 10 second(s) with 500 milliseconds interval)
Build info: version: '4.10.0', revision: 'c14d967899'
System info: os.name: 'Windows 11', os.arch: 'amd64', os.version: '10.0', java.version: '21.0.1'
Driver info: org.openqa.selenium.chrome.ChromeDriver
Capabilities {acceptInsecureCerts: false, browserName: chrome, browserVersion: 120.0.6099.200, chrome: {chromedriverVersion: 120.0.6099.109 (3419140ab66..., userDataDir: C:\Users\akhil\AppData\Loca...}, fedcm:accounts: true, goog:chromeOptions: {debuggerAddress: localhost:52264}, networkConnectionEnabled: false, pageLoadStrategy: normal, platformName: windows, proxy: Proxy(), se:cdp: ws://localhost:52264/devtoo..., se:cdpVersion: 120.0.6099.200, setWindowRect: true, strictFileInteractability: false, timeouts: {implicit: 0, pageLoad: 300000, script: 30000}, unhandledPromptBehavior: dismiss and notify, webauthn:extension:credBlob: true, webauthn:extension:largeBlob: true, webauthn:extension:minPinLength: true, webauthn:extension:prf: true, webauthn:virtualAuthenticators: true}
Session ID: fe03768913433e61efd7d22293442723
at org.openqa.selenium.support.ui.WebDriverWait.timeoutException(WebDriverWait.java:84)
at org.openqa.selenium.support.ui.FluentWait.until(FluentWait.java:230)
at com.qa.magneto.utils.ElementUtil.WaitForTheElementToBeVisible(ElementUtil.java:206)
at com.qa.magneto.pages.ShippingPage.shippingPersonDetails(ShippingPage.java:44)
at com.qa.magneto.test.ProdInfoPageTest.shippingPersonDetailsTest(ProdInfoPageTest.java:81)
at java.base/jdk.internal.reflect.DirectMethodHandleAccessor.invoke(DirectMethodHandleAccessor.java:103)
at java.base/java.lang.reflect.Method.invoke(Method.java:580)
at org.testng.internal.invokers.MethodInvocationHelper.invokeMethod(MethodInvocationHelper.java:139)
at org.testng.internal.invokers.TestInvoker.invokeMethod(TestInvoker.java:664)
at org.testng.internal.invokers.TestInvoker.invokeTestMethod(TestInvoker.java:227)
at org.testng.internal.invokers.MethodRunner.runInSequence(MethodRunner.java:50)
at org.testng.internal.invokers.TestInvoker$MethodInvocationAgent.invoke(TestInvoker.java:957)
at org.testng.internal.invokers.TestInvoker.invokeTestMethods(TestInvoker.java:200)
at org.testng.internal.invokers.TestMethodWorker.invokeTestMethods(TestMethodWorker.java:148)
at org.testng.internal.invokers.TestMethodWorker.run(TestMethodWorker.java:128)
at java.base/java.util.ArrayList.forEach(ArrayList.java:1596)
at org.testng.TestRunner.privateRun(TestRunner.java:848)
at org.testng.TestRunner.run(TestRunner.java:621)
at org.testng.SuiteRunner.runTest(SuiteRunner.java:443)
at org.testng.SuiteRunner$SuiteWorker.run(SuiteRunner.java:481)
at org.testng.internal.thread.ThreadUtil.lambda$execute$0(ThreadUtil.java:58)
at java.base/java.util.concurrent.FutureTask.run(FutureTask.java:317)
at java.base/java.util.concurrent.ThreadPoolExecutor.runWorker(ThreadPoolExecutor.java:1144)
at java.base/java.util.concurrent.ThreadPoolExecutor$Worker.run(ThreadPoolExecutor.java:642)
at java.base/java.lang.Thread.run(Thread.java:1583)
]]>
            </full-stacktrace>
          </exception> <!-- org.openqa.selenium.TimeoutException -->
          <reporter-output>
          </reporter-output>
        </test-method> <!-- shippingPersonDetailsTest -->
        <test-method is-config="true" signature="teardown()[pri:0, instance:com.qa.magneto.test.ProdInfoPageTest@279fedbd]" started-at="2024-01-07T08:14:57 IST" name="teardown" finished-at="2024-01-07T08:14:57 IST" duration-ms="0" status="PASS">
          <reporter-output>
          </reporter-output>
        </test-method> <!-- teardown -->
      </class> <!-- com.qa.magneto.test.ProdInfoPageTest -->
    </test> <!-- Prod Info Page Test -->
  </suite> <!-- Dressing Ecommerse Regression suite -->
</testng-results>
